2026-01-12 12:13:51 [main] INFO  c.r.restdemo.RestdemoApplication - Starting RestdemoApplication using Java 20.0.1 with PID 16072 (C:\Users\garyw\Downloads\restdemo\restdemo\target\classes started by garyw in C:\Users\garyw\Downloads\restdemo)
2026-01-12 12:13:51 [main] INFO  c.r.restdemo.RestdemoApplication - No active profile set, falling back to 1 default profile: "default"
2026-01-12 12:13:53 [main] INFO  o.s.d.r.c.RepositoryConfigurationDelegate - Bootstrapping Spring Data JPA repositories in DEFAULT mode.
2026-01-12 12:13:53 [main] INFO  o.s.d.r.c.RepositoryConfigurationDelegate - Finished Spring Data repository scanning in 103 ms. Found 1 JPA repository interface.
2026-01-12 12:13:54 [main] INFO  o.s.b.w.e.tomcat.TomcatWebServer - Tomcat initialized with port 8080 (http)
2026-01-12 12:13:54 [main] INFO  o.a.catalina.core.StandardService - Starting service [Tomcat]
2026-01-12 12:13:54 [main] INFO  o.a.catalina.core.StandardEngine - Starting Servlet engine: [Apache Tomcat/10.1.50]
2026-01-12 12:13:54 [main] INFO  o.a.c.c.C.[Tomcat].[localhost].[/] - Initializing Spring embedded WebApplicationContext
2026-01-12 12:13:54 [main] INFO  o.s.b.w.s.c.ServletWebServerApplicationContext - Root WebApplicationContext: initialization completed in 3021 ms
2026-01-12 12:13:55 [main] INFO  o.h.jpa.internal.util.LogHelper - HHH000204: Processing PersistenceUnitInfo [name: default]
2026-01-12 12:13:55 [main] INFO  org.hibernate.Version - HHH000412: Hibernate ORM core version 6.6.39.Final
2026-01-12 12:13:55 [main] INFO  o.h.c.i.RegionFactoryInitiator - HHH000026: Second-level cache disabled
2026-01-12 12:13:56 [main] INFO  o.s.o.j.p.SpringPersistenceUnitInfo - No LoadTimeWeaver setup: ignoring JPA class transformer
2026-01-12 12:13:56 [main] INFO  com.zaxxer.hikari.HikariDataSource - HikariPool-1 - Starting...
2026-01-12 12:13:56 [main] INFO  com.zaxxer.hikari.pool.HikariPool - HikariPool-1 - Added connection conn0: url=jdbc:h2:mem:testdb user=SA
2026-01-12 12:13:56 [main] INFO  com.zaxxer.hikari.HikariDataSource - HikariPool-1 - Start completed.
2026-01-12 12:13:56 [main] INFO  o.hibernate.orm.connections.pooling - HHH10001005: Database info:
	Database JDBC URL [Connecting through datasource 'HikariDataSource (HikariPool-1)']
	Database driver: undefined/unknown
	Database version: 2.3.232
	Autocommit mode: undefined/unknown
	Isolation level: undefined/unknown
	Minimum pool size: undefined/unknown
	Maximum pool size: undefined/unknown
2026-01-12 12:13:58 [main] INFO  o.h.e.t.j.p.i.JtaPlatformInitiator - HHH000489: No JTA platform available (set 'hibernate.transaction.jta.platform' to enable JTA platform integration)
2026-01-12 12:13:58 [main] DEBUG org.hibernate.SQL - create table user_table (id bigint generated by default as identity, age integer not null check (age>=0), name varchar(255) not null, salary float(53) not null check (salary>=0), primary key (id))
2026-01-12 12:13:58 [main] INFO  o.s.o.j.LocalContainerEntityManagerFactoryBean - Initialized JPA EntityManagerFactory for persistence unit 'default'
2026-01-12 12:13:59 [main] WARN  o.s.b.a.o.j.JpaBaseConfiguration$JpaWebConfiguration - spring.jpa.open-in-view is enabled by default. Therefore, database queries may be performed during view rendering. Explicitly configure spring.jpa.open-in-view to disable this warning
2026-01-12 12:14:00 [main] INFO  o.s.b.a.h.H2ConsoleAutoConfiguration - H2 console available at '/h2-console'. Database available at 'jdbc:h2:mem:testdb'
2026-01-12 12:14:00 [main] INFO  o.s.b.a.e.web.EndpointLinksResolver - Exposing 5 endpoints beneath base path '/actuator'
2026-01-12 12:14:00 [main] INFO  o.s.b.w.e.tomcat.TomcatWebServer - Tomcat started on port 8080 (http) with context path '/'
2026-01-12 12:14:00 [main] INFO  c.r.restdemo.RestdemoApplication - Started RestdemoApplication in 9.664 seconds (process running for 10.4)
2026-01-12 12:14:09 [http-nio-8080-exec-1] INFO  o.a.c.c.C.[Tomcat].[localhost].[/] - Initializing Spring DispatcherServlet 'dispatcherServlet'
2026-01-12 12:14:09 [http-nio-8080-exec-1] INFO  o.s.web.servlet.DispatcherServlet - Initializing Servlet 'dispatcherServlet'
2026-01-12 12:14:09 [http-nio-8080-exec-1] INFO  o.s.web.servlet.DispatcherServlet - Completed initialization in 0 ms
2026-01-12 12:14:10 [http-nio-8080-exec-1] DEBUG org.hibernate.SQL - insert into user_table (age,name,salary,id) values (?,?,?,default)
2026-01-12 12:14:15 [http-nio-8080-exec-4] INFO  c.r.restdemo.service.UserService - caching id 1
2026-01-12 12:14:15 [http-nio-8080-exec-4] DEBUG org.hibernate.SQL - select u1_0.id,u1_0.age,u1_0.name,u1_0.salary from user_table u1_0 where u1_0.id=?
2026-01-12 12:14:15 [http-nio-8080-exec-4] INFO  c.r.r.controller.UserController - TEST LOG: update method was called with id 1
2026-01-12 12:14:15 [http-nio-8080-exec-4] INFO  c.r.r.controller.UserController - TEST LOG: update method finished with id 1
2026-01-12 12:14:24 [SpringApplicationShutdownHook] INFO  o.s.b.w.e.tomcat.GracefulShutdown - Commencing graceful shutdown. Waiting for active requests to complete
2026-01-12 12:14:24 [tomcat-shutdown] INFO  o.s.b.w.e.tomcat.GracefulShutdown - Graceful shutdown complete
2026-01-12 12:14:24 [SpringApplicationShutdownHook] INFO  o.s.o.j.LocalContainerEntityManagerFactoryBean - Closing JPA EntityManagerFactory for persistence unit 'default'
2026-01-12 12:14:24 [SpringApplicationShutdownHook] INFO  com.zaxxer.hikari.HikariDataSource - HikariPool-1 - Shutdown initiated...
2026-01-12 12:14:24 [SpringApplicationShutdownHook] INFO  com.zaxxer.hikari.HikariDataSource - HikariPool-1 - Shutdown completed.
